#@ # 
#@ # Running vcf Version W-2024.09-SP2-3 for linux64 -- Jun 26, 2025
#@ # Date:   Fri May  1 10:20:34 2026
#@ # Run by: masai@masai-devbox
#@ 

#@ # -- Starting source /eda-tools/synopsys/vc_static/W-2024.09-SP2-3/auxx/monet/tcl/read.tcl

#@ #Renamed orginal open,close,read tcl command to prevent crash on reading large file
#@ #Star : 9001363498
#@ rename -force open _original_open
#@ rename -force close _original_close
#@ rename -force read _original_read
#@ 
#@ rename -force sh _orig_sh
#@ rename -force cd _orig_cd
#@ # new open command , behaviour is same as default open command only diffrence is we creates a map of file channel and file name
#@ if {[info exists ::env(VCSG_USE_NATIVE_SH)]} {
#@     set procdef "tcl::spw::proc"
#@ } else { 
#@     set procdef "proc"
#@ }
#@ $procdef sh {args} {
#@     if {[string first "&" $args] == -1} {
#@         if { [is_gui_connected] == "1" } {
#@             set cmd [lindex $args 0]
#@             action aaMonetShCmd -reset -start 1 -cmd $cmd -trigger
#@         }
#@     }
#@     set p 0
#@     set res [ catch { set p [eval _orig_sh $args] }  result]
#@     if {[string first "&" $args] == -1} {
#@         if { [is_gui_connected] == "1" } {
#@             action aaMonetShCmd -reset -finish 1 -trigger
#@         }
#@     }
#@     if {$res} {
#@         set cmd [lindex $args 0]
#@         if {$cmd == "grep"} {
#@             global env
#@             set x [info exists ::env(MONET_REGRESS)]
#@             set y [info exists ::env(REGRESSION_MODE)] 
#@             set z [info exists ::env(GUI_REGRESSION_MODE)] 
#@             set RegMode ""
#@             if {$x} {
#@                 append RegMode $::env(MONET_REGRESS)
#@             } elseif {$y} {
#@                 append RegMode $::env(REGRESSION_MODE)
#@             } elseif {$z} {
#@                 append RegMode $::env(GUI_REGRESSION_MODE)
#@             }
#@             if {$RegMode == "1"} {
#@                 return -code error
#@             } else {
#@                 return -code error $result
#@             }
#@         } else {
#@             return -code error $result
#@         }
#@     }
#@     return $p
#@ }
#@ # new open command , behaviour is same as default open command only diffrence is we creates a map of file channel and file name
#@ proc open {file_name args} {
#@     # fileForChannel is map which stores file_name mapped with file Channel
#@     global fileForChannel
#@     set channel [eval [list _original_open $file_name] $args]
#@     set fileForChannel($channel) $file_name
#@     return $channel
#@ }
#@ #new close command, behaviour is same as default close command only diffrence is we remove the entries from fileForChannel map for given file channel
#@ proc close {channel} {
#@     global fileForChannel
#@     catch {unset fileForChannel($channel)}
#@     _original_close $channel
#@ }
#@ #new read command, behaviour is same as default read command only diffrence is we first check the size of the file before reading it and if file_size> 1GB we don't read it as it causes crash
#@ proc read { args} {
#@     variable file_channel
#@     set size_given 0
#@     set option_given 0
#@     variable options
#@     set read_size ""
#@     #Check if option is given and extact options ,file_channel , read_size from args 
#@     foreach arg $args {
#@         if {[string index $arg 0] == "-" } {
#@             if {$option_given == 0} {
#@                 set options $arg
#@                 set option_given 1
#@             } else  {
#@                 append options $arg
#@             }
#@         } elseif { [string is integer $arg]} {
#@             set read_size $arg
#@             set size_given 1
#@         } else {
#@             set file_channel $arg
#@         }
#@     }
#@     global fileForChannel
#@     variable file_size
#@     #Catch all exeception while checking the file size
#@     #star:9001390192 
#@     if {[catch {set file_size [file size $fileForChannel($file_channel)]}]} {
#@     } else {
#@         if { (($file_size > 1024000000)&&(($size_given == 0)||($read_size > 1024000000)))} {
#@             puts "\[ERROR\] Unable to read file of size > 1GB"
#@             return 0
#@         }
#@     }
#@     if { $option_given == 0 } {
#@         if { $size_given == 1 } {
#@             return [_original_read $file_channel $read_size]
#@         } else {
#@             return [_original_read $file_channel]
#@         }
#@     } else {
#@         if { $size_given == 1 } {
#@             return [_original_read $options $file_channel $read_size]
#@         } else {
#@             return [_original_read $options $file_channel]
#@         }
#@     }
#@ }
#@ # new cd command , behaviour is same as default cd command except SVI notifies GUI so that auto completion works on changed directory
#@ proc cd {args} {
#@     _orig_cd $args
#@     if { [is_gui_connected] == "1" } {
#@         ## GUI event to notify with new directory
#@         set cmd [lindex $args 0]
#@         action aaMonetCdCmd -reset -cmd $cmd -trigger
#@     }
#@ }
#@ # -- End source /eda-tools/synopsys/vc_static/W-2024.09-SP2-3/auxx/monet/tcl/read.tcl

#@ # -- Starting source /eda-tools/synopsys/vc_static/W-2024.09-SP2-3/auxx/monet/tcl/get_instances.tcl

#@ proc get_instances { args } {
#@ 
#@     if {$args == "-help"} {
#@         puts "Usage: get_instances  # returns all instances"
#@         puts "       -of_module   # returns instances of the given module"
#@         puts "       -module   # returns instances under the given module including the instances of the given module"
#@         puts "       -level   # returns instances which are in the given level and below. Level must be a greater than zero."
#@         return
#@     }
#@ 
#@     set argc [llength $args]
#@     if {$argc == 0} {
#@         set inst [get_cells -hier -include_top -filter "is_operator==false" ]
#@         return $inst
#@     } else {
#@         if {$argc == 1} {
#@             set arg [lindex $args 0]
#@             if {$arg == "-module"} {
#@                 puts "Error: module name not given."
#@             }
#@             if {$arg == "-of_module"} {
#@                 puts "Error: of_module name not given."
#@             }
#@             if {$arg == "-level"} {
#@                 puts "Error: level is not given."
#@             }
#@             return
#@         }
#@     }
#@ 
#@     if {$argc == 2} {
#@         if {[lindex $args 0] == "-level"} {
#@             set level [lindex $args 1]
#@             if {$level <= 0} {
#@                 puts "Error:Invalid value for -level, it must be a greater than zero."
#@                 return
#@             }
#@             set inst [get_cells -hier -filter "is_operator==false" -level $level]
#@             return $inst
#@         }
#@     }
#@     if {$argc != 2} {
#@         set inmod [lsearch $args "-module"]
#@         set inofmod [lsearch $args "-of_module"]
#@         if {$inmod != -1 && $inofmod != -1} {
#@             puts "Error: -module and -of_module options together are not supported."
#@             return
#@         }
#@         puts "Error: This command only accepts only one of 2 options, -of_module <module_name> or -module <module_name>"
#@         return
#@     }
#@ 
#@     set module [lindex $args 1]
#@     if {[lindex $args 0] == "-module"} {
#@         set filter "is_operator==false && orig_ref_name==$module"
#@         set inst [get_cells -hier -include_top  -filter $filter]
#@         set i 0
#@         foreach_in_collection in $inst { 
#@             set i [expr {$i + 1}]
#@             set name [get_object_name $in] 
#@             set filter "is_operator==false && full_name=~$name*"
#@             if {$i == 1}  {
#@                 set coll [get_cells -hier -include_top -filter $filter -quiet]
#@             } else {
#@                 append_to_collection coll [get_cells -hier -include_top -filter $filter -quiet]
#@             }
#@         }
#@ 
#@         set size [sizeof_collection $inst]
#@         if {$size > 0} {
#@             return $coll
#@         } else {
#@             return 
#@         }
#@     }
#@ 
#@     if {[lindex $args 0] == "-of_module"} {
#@         set filter "is_operator==false && orig_ref_name==$module"
#@         set inst [get_cells -include_top -hier -filter $filter ]
#@         return $inst
#@     }
#@     puts "Error: unkown options given."
#@ }
#@ create_proc_command get_instances -info "get all instances" -command_group "Database"
#@ 
#@ # -- End source /eda-tools/synopsys/vc_static/W-2024.09-SP2-3/auxx/monet/tcl/get_instances.tcl

